<?xml version="1.0" encoding="UTF-8"?>
<!-- Generated by org.testng.reporters.JUnitReportReporter -->
<testsuite hostname="GLM-DV-L14" name="com.dhs.ui.tests.FunctionalTests" tests="2" failures="0" timestamp="24 Jun 2020 00:35:22 GMT" time="19.058" errors="0">
  <testcase name="submitSMV_PSV" time="14.017" classname="com.dhs.ui.tests.FunctionalTests"/>
  <testcase name="validateSpecialtyValue" time="5.041" classname="com.dhs.ui.tests.FunctionalTests"/>
</testsuite> <!-- com.dhs.ui.tests.FunctionalTests -->
